Arguments: 
  /usr/local/bin/node /usr/bin/yarn add -D @vue/cli-plugin-cli-init

PATH: 
  /home/software/HarshPatel/AD_test/node_modules/.bin:/home/software/HarshPatel/node_modules/.bin:/home/software/node_modules/.bin:/home/node_modules/.bin:/node_modules/.bin:/usr/local/bin:/sbin:/usr/sbin:/usr/local/sbin:/usr/local/sbin:/usr/local/bin:/usr/sbin:/usr/bin:/sbin:/bin

Yarn version: 
  0.24.6

Node version: 
  9.5.0

Platform: 
  linux x64

npm manifest: 
  {
    "name": "@npm-private/AD_test",
    "version": "1.0.0",
    "description": "",
    "main": "backend.js",
    "scripts": {
      "test": "echo \"Error: no test specified\" && exit 1"
    },
    "keywords": [],
    "author": "",
    "license": "ISC",
    "dependencies": {
      "express": "^4.16.3",
      "mysql": "^2.15.0"
    }
  }

yarn manifest: 
  No manifest

Lockfile: 
  No lockfile

Trace: 
  Error: https://registry.yarnpkg.com/@vue%2fcli-plugin-cli-init: Not found
      at Request.params.callback [as _callback] (/usr/lib/node_modules/yarn/lib/util/request-manager.js:326:18)
      at Request.self.callback (/usr/lib/node_modules/yarn/node_modules/request/request.js:188:22)
      at Request.emit (events.js:160:13)
      at Request.<anonymous> (/usr/lib/node_modules/yarn/node_modules/request/request.js:1171:10)
      at Request.emit (events.js:160:13)
      at IncomingMessage.<anonymous> (/usr/lib/node_modules/yarn/node_modules/request/request.js:1091:12)
      at Object.onceWrapper (events.js:255:19)
      at IncomingMessage.emit (events.js:165:20)
      at endReadableNT (_stream_readable.js:1101:12)
      at process._tickCallback (internal/process/next_tick.js:152:19)
